2018-04-20 01:06:52.207 Always, OpenZwave Version 1.4.2999 Starting Up
2018-04-20 01:06:52.209 Info, Setting Up Provided Network Key for Secure Communications
2018-04-20 01:06:52.209 Warning, Failed - Network Key Not Set
2018-04-20 01:06:52.209 Info, mgr,     Added driver for controller /dev/ttyACM0
2018-04-20 01:06:52.210 Info,   Opening controller /dev/ttyACM0
2018-04-20 01:06:52.210 Info, Trying to open serial port /dev/ttyACM0 (attempt 1)
2018-04-20 01:06:52.210 Error, ERROR: Cannot get exclusive lock for serial port /dev/ttyACM0. Error code 11
2018-04-20 01:06:52.211 Info, Serial port /dev/ttyACM0 opened (attempt 1)
2018-04-20 01:06:52.211 Detail, contrlr, Queuing (Command) FUNC_ID_ZW_GET_VERSION: 0x01, 0x03, 0x00, 0x15, 0xe9
2018-04-20 01:06:52.211 Detail, contrlr, Queuing (Command) FUNC_ID_ZW_MEMORY_GET_ID: 0x01, 0x03, 0x00, 0x20, 0xdc
2018-04-20 01:06:52.212 Detail, contrlr, Queuing (Command) FUNC_ID_ZW_GET_CONTROLLER_CAPABILITIES: 0x01, 0x03, 0x00, 0x05, 0xf9
2018-04-20 01:06:52.212 Detail, contrlr, Queuing (Command) FUNC_ID_SERIAL_API_GET_CAPABILITIES: 0x01, 0x03, 0x00, 0x07, 0xfb
2018-04-20 01:06:52.212 Detail, contrlr, Queuing (Command) FUNC_ID_ZW_GET_SUC_NODE_ID: 0x01, 0x03, 0x00, 0x56, 0xaa
2018-04-20 01:06:52.212 Detail, 
2018-04-20 01:06:52.212 Info, contrlr, Sending (Command) message (Callback ID=0x00, Expected Reply=0x15) - FUNC_ID_ZW_GET_VERSION: 0x01, 0x03, 0x00, 0x15, 0xe9
2018-04-20 01:07:02.212 Error, contrlr, ERROR: Dropping command, expected response not received after 1 attempt(s)
2018-04-20 01:07:02.213 Detail, contrlr, Removing current message
2018-04-20 01:07:02.213 Detail, contrlr, Notification: Notification - TimeOut
2018-04-20 01:07:02.220 Detail, 
2018-04-20 01:07:02.220 Info, contrlr, Sending (Command) message (Callback ID=0x00, Expected Reply=0x20) - FUNC_ID_ZW_MEMORY_GET_ID: 0x01, 0x03, 0x00, 0x20, 0xdc
2018-04-20 01:07:03.220 Error, contrlr, ERROR: Dropping command, expected response not received after 1 attempt(s)
2018-04-20 01:07:03.220 Detail, contrlr, Removing current message
2018-04-20 01:07:03.221 Detail, contrlr, Notification: Notification - TimeOut
2018-04-20 01:07:03.226 Detail, 
2018-04-20 01:07:03.226 Info, contrlr, Sending (Command) message (Callback ID=0x00, Expected Reply=0x05) - FUNC_ID_ZW_GET_CONTROLLER_CAPABILITIES: 0x01, 0x03, 0x00, 0x05, 0xf9
2018-04-20 01:07:03.228 Detail, contrlr,   Received: 0x01, 0x04, 0x01, 0x05, 0x08, 0xf7
2018-04-20 01:07:03.228 Detail, 
2018-04-20 01:07:03.228 Info, contrlr, Received reply to FUNC_ID_ZW_GET_CONTROLLER_CAPABILITIES:
2018-04-20 01:07:03.228 Info, contrlr,     There is no SUC ID Server (SIS) in this network.
2018-04-20 01:07:03.228 Info, contrlr,     The PC controller is a primary controller.
2018-04-20 01:07:03.228 Detail, Node247,   Expected reply was received
2018-04-20 01:07:03.228 Detail, Node247,   Message transaction complete
2018-04-20 01:07:03.228 Detail, 
2018-04-20 01:07:03.228 Detail, contrlr, Removing current message
2018-04-20 01:07:03.228 Detail, 
2018-04-20 01:07:03.228 Info, contrlr, Sending (Command) message (Callback ID=0x00, Expected Reply=0x07) - FUNC_ID_SERIAL_API_GET_CAPABILITIES: 0x01, 0x03, 0x00, 0x07, 0xfb
2018-04-20 01:07:03.234 Detail, contrlr,   Received: 0x01, 0x2b, 0x01, 0x07, 0x01, 0x00, 0x00, 0x86, 0x01, 0x01, 0x00, 0x5a, 0xfe, 0x81, 0xff, 0x88, 0x4f, 0x1f, 0x00, 0x00, 0xfb, 0x9f, 0x7d, 0xa0, 0x67, 0x00, 0x00, 0x80, 0x00, 0x80, 0x86, 0x00, 0x00, 0x00, 0xe8, 0x73, 0x00, 0x00, 0x0e, 0x00, 0x00, 0x60, 0x00, 0x00, 0xfa
2018-04-20 01:07:03.234 Detail, 
2018-04-20 01:07:03.234 Info, contrlr,  Received reply to FUNC_ID_SERIAL_API_GET_CAPABILITIES
2018-04-20 01:07:03.234 Info, contrlr,     Serial API Version:   1.0
2018-04-20 01:07:03.234 Info, contrlr,     Manufacturer ID:      0x0086
2018-04-20 01:07:03.234 Info, contrlr,     Product Type:         0x0101
2018-04-20 01:07:03.234 Info, contrlr,     Product ID:           0x005a
2018-04-20 01:07:03.234 Detail, contrlr, Queuing (Command) FUNC_ID_ZW_GET_RANDOM: 0x01, 0x04, 0x00, 0x1c, 0x20, 0xc7
2018-04-20 01:07:03.235 Detail, contrlr, Queuing (Command) FUNC_ID_SERIAL_API_GET_INIT_DATA: 0x01, 0x03, 0x00, 0x02, 0xfe
2018-04-20 01:07:03.235 Detail, contrlr, Queuing (Command) FUNC_ID_SERIAL_API_SET_TIMEOUTS: 0x01, 0x05, 0x00, 0x06, 0x64, 0x0f, 0x97
2018-04-20 01:07:03.235 Detail, contrlr, Queuing (Command) FUNC_ID_SERIAL_API_APPL_NODE_INFORMATION: 0x01, 0x07, 0x00, 0x03, 0x01, 0x02, 0x01, 0x00, 0xf9
2018-04-20 01:07:03.235 Detail,   Expected reply was received
2018-04-20 01:07:03.235 Detail,   Message transaction complete
2018-04-20 01:07:03.235 Detail, 
2018-04-20 01:07:03.235 Detail, contrlr, Removing current message
2018-04-20 01:07:03.235 Detail, 
2018-04-20 01:07:03.235 Info, contrlr, Sending (Command) message (Callback ID=0x00, Expected Reply=0x56) - FUNC_ID_ZW_GET_SUC_NODE_ID: 0x01, 0x03, 0x00, 0x56, 0xaa
2018-04-20 01:07:03.238 Detail, contrlr,   Received: 0x01, 0x04, 0x01, 0x56, 0x00, 0xac
2018-04-20 01:07:03.238 Detail, 
2018-04-20 01:07:03.238 Info, contrlr, Received reply to GET_SUC_NODE_ID.  Node ID = 0
2018-04-20 01:07:03.238 Info, Controller Does not Support SUC - Cannot Setup Controller as SUC Node
2018-04-20 01:07:03.238 Detail, Node172,   Expected reply was received
2018-04-20 01:07:03.238 Detail, Node172,   Message transaction complete
2018-04-20 01:07:03.238 Detail, 
2018-04-20 01:07:03.238 Detail, contrlr, Removing current message
2018-04-20 01:07:03.239 Detail, 
2018-04-20 01:07:03.239 Info, contrlr, Sending (Command) message (Callback ID=0x00, Expected Reply=0x1c) - FUNC_ID_ZW_GET_RANDOM: 0x01, 0x04, 0x00, 0x1c, 0x20, 0xc7
2018-04-20 01:07:03.293 Detail, Unsolicited message received while waiting for ACK.
2018-04-20 01:07:03.301 Detail, contrlr,   Received: 0x01, 0x25, 0x01, 0x1c, 0x01, 0x20, 0x2c, 0xec, 0x5f, 0x9a, 0x8f, 0xd0, 0x76, 0x62, 0xfc, 0x6a, 0xa2, 0xd7, 0x62, 0xd0, 0xcc, 0x63, 0xe2, 0xb5, 0xde, 0x01, 0x25, 0x01, 0x1c, 0x01, 0x20, 0x2c, 0xec, 0x5f, 0x9a, 0x8f, 0x62, 0xfc, 0x6a
2018-04-20 01:07:03.301 Warning, contrlr, WARNING: Checksum incorrect - sending NAK
2018-04-20 01:07:03.302 Warning, WARNING: Out of frame flow! (0x98).  Sending NAK.
2018-04-20 01:07:03.302 Warning, WARNING: Out of frame flow! (0x98).  Sending NAK.
2018-04-20 01:07:03.304 Detail, Unsolicited message received while waiting for ACK.
2018-04-20 01:07:03.307 Detail, contrlr,   Received: 0x01, 0x25, 0x01, 0x1c, 0x01, 0x20, 0x2c, 0xec, 0x5f, 0x9a, 0x8f, 0xd0, 0x76, 0x62, 0xfc, 0x6a, 0xa2, 0xfd, 0x9c, 0x2a, 0xcd, 0xb3, 0x14, 0x98, 0x1c, 0x63, 0xe2, 0xb5, 0xde, 0x3e, 0x2d, 0x01, 0x25, 0x01, 0x1c, 0x01, 0x20, 0x2c, 0xec
2018-04-20 01:07:03.307 Warning, contrlr, WARNING: Checksum incorrect - sending NAK
2018-04-20 01:07:03.307 Warning, WARNING: Out of frame flow! (0xcc).  Sending NAK.
2018-04-20 01:07:03.308 Warning, WARNING: Out of frame flow! (0x2d).  Sending NAK.
2018-04-20 01:07:04.308 Error, contrlr, ERROR: Dropping command, expected response not received after 1 attempt(s)
2018-04-20 01:07:04.308 Detail, contrlr, Removing current message
2018-04-20 01:07:04.309 Detail, contrlr, Notification: Notification - TimeOut
2018-04-20 01:07:04.313 Detail, 
2018-04-20 01:07:04.313 Info, contrlr, Sending (Command) message (Callback ID=0x00, Expected Reply=0x02) - FUNC_ID_SERIAL_API_GET_INIT_DATA: 0x01, 0x03, 0x00, 0x02, 0xfe
2018-04-20 01:07:04.408 Detail, Unsolicited message received while waiting for ACK.
2018-04-20 01:07:04.421 Detail, contrlr,   Received: 0x01, 0x25, 0x01, 0x02, 0x05, 0x00, 0x1d, 0x03, 0x00, 0x00, 0x00, 0x00, 0x00, 0x00, 0x00, 0x00, 0x00, 0x00, 0x00, 0x00, 0x00, 0x00, 0x00, 0x00, 0x00, 0x00, 0x05, 0x00, 0xc7, 0x25, 0x01, 0x02, 0x1d, 0x03, 0x00, 0x00, 0x00, 0x00, 0x00
2018-04-20 01:07:04.421 Warning, contrlr, WARNING: Checksum incorrect - sending NAK
2018-04-20 01:07:04.422 Detail, Unsolicited message received while waiting for ACK.
2018-04-20 01:07:04.427 Detail, contrlr,   Received: 0x01, 0x25, 0x00, 0x00, 0x00, 0x00, 0x00, 0x00, 0x00, 0x05, 0x00, 0x01, 0x25, 0x01, 0x02, 0x05, 0x00, 0x1d, 0x03, 0x00, 0x00, 0x00, 0x00, 0x00, 0x00, 0x00, 0x00, 0x00, 0x00, 0x00, 0x00, 0x00, 0x00, 0x00, 0x00, 0x00, 0x00, 0x00, 0x00
2018-04-20 01:07:04.427 Warning, contrlr, WARNING: Checksum incorrect - sending NAK
2018-04-20 01:07:05.427 Error, contrlr, ERROR: Dropping command, expected response not received after 1 attempt(s)
2018-04-20 01:07:05.428 Detail, contrlr, Removing current message
2018-04-20 01:07:05.428 Detail, contrlr, Notification: Notification - TimeOut
2018-04-20 01:07:05.432 Detail, 
2018-04-20 01:07:05.432 Info, contrlr, Sending (Command) message (Callback ID=0x00, Expected Reply=0x06) - FUNC_ID_SERIAL_API_SET_TIMEOUTS: 0x01, 0x05, 0x00, 0x06, 0x64, 0x0f, 0x97
2018-04-20 01:07:06.432 Error, contrlr, ERROR: Dropping command, expected response not received after 1 attempt(s)
2018-04-20 01:07:06.433 Detail, contrlr, Removing current message
2018-04-20 01:07:06.433 Detail, contrlr, Notification: Notification - TimeOut
2018-04-20 01:07:06.439 Detail, 
2018-04-20 01:07:06.439 Info, contrlr, Sending (Command) message (Callback ID=0x00, Expected Reply=0x00) - FUNC_ID_SERIAL_API_APPL_NODE_INFORMATION: 0x01, 0x07, 0x00, 0x03, 0x01, 0x02, 0x01, 0x00, 0xf9
2018-04-20 01:07:06.441 Detail, contrlr, Removing current message
2018-04-20 01:08:07.657 Error, mgr,     Manager::GetDriver failed - Home ID 0x00000000 is unknown
2018-04-20 01:08:07.657 Warning, Exception: Manager.cpp:373 - 100 - Invalid HomeId passed to GetDriver
2018-04-20 01:08:07.657 Info, mgr,     Manager::WriteConfig failed - _homeId 0 not found
2018-04-20 01:08:07.662 Error, mgr,     Manager::GetDriver failed - Home ID 0x00000000 is unknown
2018-04-20 01:08:07.662 Warning, Exception: Manager.cpp:373 - 100 - Invalid HomeId passed to GetDriver
2018-04-20 01:08:07.662 Info, mgr,     Manager::WriteConfig failed - _homeId 0 not found
2018-04-20 01:08:08.705 Detail, Notification: DriverRemoved
2018-04-20 01:08:08.705 Always, ***************************************************************************
2018-04-20 01:08:08.705 Always, *********************  Cumulative Network Statistics  *********************
2018-04-20 01:08:08.706 Always, *** General
2018-04-20 01:08:08.706 Always, Driver run time: . .  . 0 days, 0 hours, 1 minutes
2018-04-20 01:08:08.706 Always, Frames processed: . . . . . . . . . . . . . . . . . . . . 7
2018-04-20 01:08:08.706 Always, Total messages successfully received: . . . . . . . . . . 3
2018-04-20 01:08:08.706 Always, Total Messages successfully sent: . . . . . . . . . . . . 9
2018-04-20 01:08:08.706 Always, ACKs received from controller:  . . . . . . . . . . . . . 5
2018-04-20 01:08:08.706 Always, *** Errors
2018-04-20 01:08:08.706 Always, Unsolicited messages received while waiting for ACK:  . . 4
2018-04-20 01:08:08.706 Always, Reads aborted due to timeouts:  . . . . . . . . . . . . . 0
2018-04-20 01:08:08.706 Always, Bad checksum errors:  . . . . . . . . . . . . . . . . . . 4
2018-04-20 01:08:08.706 Always, CANs received from controller:  . . . . . . . . . . . . . 0
2018-04-20 01:08:08.706 Always, NAKs received from controller:  . . . . . . . . . . . . . 0
2018-04-20 01:08:08.706 Always, Out of frame data flow errors:  . . . . . . . . . . . . . 4
2018-04-20 01:08:08.706 Always, Messages retransmitted: . . . . . . . . . . . . . . . . . 0
2018-04-20 01:08:08.707 Always, Messages dropped and not delivered: . . . . . . . . . . . 5
2018-04-20 01:08:08.707 Always, ***************************************************************************
2018-04-20 01:08:08.707 Warning, WARNING: Tried to write driver config with no home ID set
2018-04-20 01:08:10.709 Info, mgr,     Driver for controller /dev/ttyACM0 removed
