2018-04-20 00:45:29.383 Always, OpenZwave Version 1.4.2999 Starting Up
2018-04-20 00:45:29.384 Info, Setting Up Provided Network Key for Secure Communications
2018-04-20 00:45:29.384 Warning, Failed - Network Key Not Set
2018-04-20 00:45:29.385 Info, mgr,     Added driver for controller /dev/ttyACM0
2018-04-20 00:45:29.385 Info,   Opening controller /dev/ttyACM0
2018-04-20 00:45:29.385 Info, Trying to open serial port /dev/ttyACM0 (attempt 1)
2018-04-20 00:45:29.386 Info, Serial port /dev/ttyACM0 opened (attempt 1)
2018-04-20 00:45:29.386 Detail, contrlr, Queuing (Command) FUNC_ID_ZW_GET_VERSION: 0x01, 0x03, 0x00, 0x15, 0xe9
2018-04-20 00:45:29.386 Detail, contrlr, Queuing (Command) FUNC_ID_ZW_MEMORY_GET_ID: 0x01, 0x03, 0x00, 0x20, 0xdc
2018-04-20 00:45:29.386 Detail, contrlr, Queuing (Command) FUNC_ID_ZW_GET_CONTROLLER_CAPABILITIES: 0x01, 0x03, 0x00, 0x05, 0xf9
2018-04-20 00:45:29.386 Detail, contrlr, Queuing (Command) FUNC_ID_SERIAL_API_GET_CAPABILITIES: 0x01, 0x03, 0x00, 0x07, 0xfb
2018-04-20 00:45:29.386 Detail, contrlr, Queuing (Command) FUNC_ID_ZW_GET_SUC_NODE_ID: 0x01, 0x03, 0x00, 0x56, 0xaa
2018-04-20 00:45:29.386 Detail, 
2018-04-20 00:45:29.387 Info, contrlr, Sending (Command) message (Callback ID=0x00, Expected Reply=0x15) - FUNC_ID_ZW_GET_VERSION: 0x01, 0x03, 0x00, 0x15, 0xe9
2018-04-20 00:45:29.389 Detail, contrlr,   Received: 0x01, 0x10, 0x01, 0x15, 0x5a, 0x2d, 0x57, 0x61, 0x76, 0x65, 0x20, 0x33, 0x2e, 0x39, 0x35, 0x00, 0x01, 0x99
2018-04-20 00:45:29.389 Detail, 
2018-04-20 00:45:29.389 Info, contrlr, Received reply to FUNC_ID_ZW_GET_VERSION:
2018-04-20 00:45:29.389 Info, contrlr,     Static Controller library, version Z-Wave 3.95
2018-04-20 00:45:29.389 Detail, Node045,   Expected reply was received
2018-04-20 00:45:29.389 Detail, Node045,   Message transaction complete
2018-04-20 00:45:29.389 Detail, 
2018-04-20 00:45:29.389 Detail, contrlr, Removing current message
2018-04-20 00:45:29.389 Detail, 
2018-04-20 00:45:29.389 Info, contrlr, Sending (Command) message (Callback ID=0x00, Expected Reply=0x20) - FUNC_ID_ZW_MEMORY_GET_ID: 0x01, 0x03, 0x00, 0x20, 0xdc
2018-04-20 00:45:29.392 Detail, contrlr,   Received: 0x01, 0x08, 0x01, 0x20, 0xd2, 0xeb, 0x67, 0xfb, 0x01, 0x72
2018-04-20 00:45:29.392 Detail, 
2018-04-20 00:45:29.392 Info, contrlr, Received reply to FUNC_ID_ZW_MEMORY_GET_ID. Home ID = 0xd2eb67fb.  Our node ID = 1
2018-04-20 00:45:29.392 Detail, Node235,   Expected reply was received
2018-04-20 00:45:29.392 Detail, Node235,   Message transaction complete
2018-04-20 00:45:29.392 Detail, 
2018-04-20 00:45:29.392 Detail, contrlr, Removing current message
2018-04-20 00:45:29.392 Detail, 
2018-04-20 00:45:29.392 Info, contrlr, Sending (Command) message (Callback ID=0x00, Expected Reply=0x05) - FUNC_ID_ZW_GET_CONTROLLER_CAPABILITIES: 0x01, 0x03, 0x00, 0x05, 0xf9
2018-04-20 00:45:29.394 Detail, contrlr,   Received: 0x01, 0x04, 0x01, 0x05, 0x08, 0xf7
2018-04-20 00:45:29.395 Detail, 
2018-04-20 00:45:29.395 Info, contrlr, Received reply to FUNC_ID_ZW_GET_CONTROLLER_CAPABILITIES:
2018-04-20 00:45:29.395 Info, contrlr,     There is no SUC ID Server (SIS) in this network.
2018-04-20 00:45:29.395 Info, contrlr,     The PC controller is a primary controller.
2018-04-20 00:45:29.395 Detail, Node247,   Expected reply was received
2018-04-20 00:45:29.395 Detail, Node247,   Message transaction complete
2018-04-20 00:45:29.395 Detail, 
2018-04-20 00:45:29.395 Detail, contrlr, Removing current message
2018-04-20 00:45:29.395 Detail, 
2018-04-20 00:45:29.395 Info, contrlr, Sending (Command) message (Callback ID=0x00, Expected Reply=0x07) - FUNC_ID_SERIAL_API_GET_CAPABILITIES: 0x01, 0x03, 0x00, 0x07, 0xfb
2018-04-20 00:45:29.399 Detail, contrlr,   Received: 0x01, 0x2b, 0x01, 0x07, 0x01, 0x00, 0x00, 0x86, 0x01, 0x01, 0x00, 0x5a, 0xfe, 0x81, 0xff, 0x88, 0x4f, 0x1f, 0x00, 0x00, 0xfb, 0x9f, 0x7d, 0xa0, 0x67, 0x00, 0x00, 0x80, 0x00, 0x80, 0x86, 0x00, 0x00, 0x00, 0xe8, 0x73, 0x00, 0x00, 0x0e, 0x00, 0x00, 0x60, 0x00, 0x00, 0xfa
2018-04-20 00:45:29.399 Detail, 
2018-04-20 00:45:29.399 Info, contrlr,  Received reply to FUNC_ID_SERIAL_API_GET_CAPABILITIES
2018-04-20 00:45:29.399 Info, contrlr,     Serial API Version:   1.0
2018-04-20 00:45:29.399 Info, contrlr,     Manufacturer ID:      0x0086
2018-04-20 00:45:29.399 Info, contrlr,     Product Type:         0x0101
2018-04-20 00:45:29.399 Info, contrlr,     Product ID:           0x005a
2018-04-20 00:45:29.399 Detail, contrlr, Queuing (Command) FUNC_ID_ZW_GET_RANDOM: 0x01, 0x04, 0x00, 0x1c, 0x20, 0xc7
2018-04-20 00:45:29.399 Detail, contrlr, Queuing (Command) FUNC_ID_SERIAL_API_GET_INIT_DATA: 0x01, 0x03, 0x00, 0x02, 0xfe
2018-04-20 00:45:29.399 Detail, contrlr, Queuing (Command) FUNC_ID_SERIAL_API_SET_TIMEOUTS: 0x01, 0x05, 0x00, 0x06, 0x64, 0x0f, 0x97
2018-04-20 00:45:29.399 Detail, contrlr, Queuing (Command) FUNC_ID_SERIAL_API_APPL_NODE_INFORMATION: 0x01, 0x07, 0x00, 0x03, 0x01, 0x02, 0x01, 0x00, 0xf9
2018-04-20 00:45:29.399 Detail,   Expected reply was received
2018-04-20 00:45:29.399 Detail,   Message transaction complete
2018-04-20 00:45:29.399 Detail, 
2018-04-20 00:45:29.399 Detail, contrlr, Removing current message
2018-04-20 00:45:29.399 Detail, 
2018-04-20 00:45:29.399 Info, contrlr, Sending (Command) message (Callback ID=0x00, Expected Reply=0x56) - FUNC_ID_ZW_GET_SUC_NODE_ID: 0x01, 0x03, 0x00, 0x56, 0xaa
2018-04-20 00:45:29.402 Detail, contrlr,   Received: 0x01, 0x04, 0x01, 0x56, 0x00, 0xac
2018-04-20 00:45:29.402 Detail, 
2018-04-20 00:45:29.402 Info, contrlr, Received reply to GET_SUC_NODE_ID.  Node ID = 0
2018-04-20 00:45:29.403 Info, Controller Does not Support SUC - Cannot Setup Controller as SUC Node
2018-04-20 00:45:29.403 Detail, Node172,   Expected reply was received
2018-04-20 00:45:29.403 Detail, Node172,   Message transaction complete
2018-04-20 00:45:29.403 Detail, 
2018-04-20 00:45:29.403 Detail, contrlr, Removing current message
2018-04-20 00:45:29.403 Detail, 
2018-04-20 00:45:29.403 Info, contrlr, Sending (Command) message (Callback ID=0x00, Expected Reply=0x1c) - FUNC_ID_ZW_GET_RANDOM: 0x01, 0x04, 0x00, 0x1c, 0x20, 0xc7
2018-04-20 00:45:29.458 Detail, contrlr,   Received: 0x01, 0x25, 0x01, 0x1c, 0x01, 0x20, 0x9b, 0x80, 0x75, 0x43, 0x6e, 0x98, 0xdb, 0xda, 0xb7, 0x62, 0xf3, 0xc4, 0x6f, 0xfa, 0x8c, 0xc4, 0x76, 0x26, 0x7e, 0x28, 0x3e, 0x12, 0x59, 0x44, 0xa2, 0x8e, 0x9f, 0x78, 0xfc, 0x23, 0x99, 0xcd, 0x74
2018-04-20 00:45:29.458 Detail, 
2018-04-20 00:45:29.458 Info, contrlr, Received reply to FUNC_ID_ZW_GET_RANDOM: true
2018-04-20 00:45:29.458 Detail, Node032,   Expected reply was received
2018-04-20 00:45:29.458 Detail, Node032,   Message transaction complete
2018-04-20 00:45:29.458 Detail, 
2018-04-20 00:45:29.458 Detail, contrlr, Removing current message
2018-04-20 00:45:29.458 Detail, 
2018-04-20 00:45:29.459 Info, contrlr, Sending (Command) message (Callback ID=0x00, Expected Reply=0x02) - FUNC_ID_SERIAL_API_GET_INIT_DATA: 0x01, 0x03, 0x00, 0x02, 0xfe
2018-04-20 00:45:29.560 Detail, contrlr,   Received: 0x01, 0x25, 0x01, 0x02, 0x05, 0x00, 0x1d, 0x03, 0x00, 0x00, 0x00, 0x00, 0x00, 0x00, 0x00, 0x00, 0x00, 0x00, 0x00, 0x00, 0x00, 0x00, 0x00, 0x00, 0x00, 0x00, 0x00, 0x00, 0x00, 0x00, 0x00, 0x00, 0x00, 0x00, 0x00, 0x00, 0x05, 0x00, 0xc7
2018-04-20 00:45:29.560 Detail, 
2018-04-20 00:45:29.560 Info, mgr,     Driver with Home ID of 0xd2eb67fb is now ready.
2018-04-20 00:45:29.560 Info, 
2018-04-20 00:45:29.561 Info, contrlr, Received reply to FUNC_ID_SERIAL_API_GET_INIT_DATA:
2018-04-20 00:45:29.561 Info, contrlr,     Node 001 - New
2018-04-20 00:45:29.561 Detail, Node001, AdvanceQueries queryPending=0 queryRetries=0 queryStage=None live=1
2018-04-20 00:45:29.561 Detail, Node001, QueryStage_ProtocolInfo
2018-04-20 00:45:29.561 Detail, Node001, Queuing (Query) Get Node Protocol Info (Node=1): 0x01, 0x04, 0x00, 0x41, 0x01, 0xbb
2018-04-20 00:45:29.561 Detail, Node001, Queuing (Query) Query Stage Complete (ProtocolInfo)
2018-04-20 00:45:29.561 Info, Node001, Initializing Node. New Node: false (false)
2018-04-20 00:45:29.561 Info, contrlr,     Node 002 - New
2018-04-20 00:45:29.561 Detail, Node002, AdvanceQueries queryPending=0 queryRetries=0 queryStage=None live=1
2018-04-20 00:45:29.561 Detail, Node002, QueryStage_ProtocolInfo
2018-04-20 00:45:29.561 Detail, Node002, Queuing (Query) Get Node Protocol Info (Node=2): 0x01, 0x04, 0x00, 0x41, 0x02, 0xb8
2018-04-20 00:45:29.561 Detail, Node002, Queuing (Query) Query Stage Complete (ProtocolInfo)
2018-04-20 00:45:29.561 Info, Node002, Initializing Node. New Node: false (false)
2018-04-20 00:45:29.561 Detail,   Expected reply was received
2018-04-20 00:45:29.561 Detail,   Message transaction complete
2018-04-20 00:45:29.562 Detail, 
2018-04-20 00:45:29.562 Detail, contrlr, Removing current message
2018-04-20 00:45:29.562 Detail, Node001, Notification: DriverReady
2018-04-20 00:45:29.572 Detail, Node001, Notification: NodeNew
2018-04-20 00:45:29.574 Detail, Node001, Notification: NodeAdded
2018-04-20 00:45:29.577 Detail, Node002, Notification: NodeNew
2018-04-20 00:45:29.579 Detail, Node002, Notification: NodeAdded
2018-04-20 00:45:29.581 Detail, 
2018-04-20 00:45:29.581 Info, contrlr, Sending (Command) message (Callback ID=0x00, Expected Reply=0x06) - FUNC_ID_SERIAL_API_SET_TIMEOUTS: 0x01, 0x05, 0x00, 0x06, 0x64, 0x0f, 0x97
2018-04-20 00:45:29.583 Detail, contrlr,   Received: 0x01, 0x05, 0x01, 0x06, 0x64, 0x0f, 0x96
2018-04-20 00:45:29.583 Detail, 
2018-04-20 00:45:29.583 Info, contrlr, Received reply to FUNC_ID_SERIAL_API_SET_TIMEOUTS
2018-04-20 00:45:29.583 Detail, Node015,   Expected reply was received
2018-04-20 00:45:29.583 Detail, Node015,   Message transaction complete
2018-04-20 00:45:29.583 Detail, 
2018-04-20 00:45:29.583 Detail, contrlr, Removing current message
2018-04-20 00:45:29.583 Detail, 
2018-04-20 00:45:29.583 Info, contrlr, Sending (Command) message (Callback ID=0x00, Expected Reply=0x00) - FUNC_ID_SERIAL_API_APPL_NODE_INFORMATION: 0x01, 0x07, 0x00, 0x03, 0x01, 0x02, 0x01, 0x00, 0xf9
2018-04-20 00:45:29.585 Detail, contrlr, Removing current message
2018-04-20 00:45:29.585 Detail, 
2018-04-20 00:45:29.585 Info, Node001, Sending (Query) message (Callback ID=0x00, Expected Reply=0x41) - Get Node Protocol Info (Node=1): 0x01, 0x04, 0x00, 0x41, 0x01, 0xbb
2018-04-20 00:45:29.588 Detail, Node001,   Received: 0x01, 0x09, 0x01, 0x41, 0x93, 0x16, 0x01, 0x02, 0x02, 0x01, 0x33
2018-04-20 00:45:29.588 Detail, 
2018-04-20 00:45:29.588 Info, Node001, Received reply to FUNC_ID_ZW_GET_NODE_PROTOCOL_INFO
2018-04-20 00:45:29.588 Info, Node001,   Protocol Info for Node 1:
2018-04-20 00:45:29.588 Info, Node001,     Listening     = true
2018-04-20 00:45:29.588 Info, Node001,     Beaming       = true
2018-04-20 00:45:29.588 Info, Node001,     Routing       = false
2018-04-20 00:45:29.588 Info, Node001,     Max Baud Rate = 40000
2018-04-20 00:45:29.589 Info, Node001,     Version       = 4
2018-04-20 00:45:29.589 Info, Node001,     Security      = false
2018-04-20 00:45:29.595 Info, Node001,   Basic device class    (0x02) - Static Controller
2018-04-20 00:45:29.595 Info, Node001,   Generic device Class  (0x02) - Static Controller
2018-04-20 00:45:29.595 Info, Node001,   Specific device class (0x01) - Static PC Controller
2018-04-20 00:45:29.595 Info, Node001,     COMMAND_CLASS_BASIC is not mapped
2018-04-20 00:45:29.595 Info, Node001,   Mandatory Command Classes for Node 1:
2018-04-20 00:45:29.595 Info, Node001,     None
2018-04-20 00:45:29.595 Info, Node001,   Mandatory Command Classes controlled by Node 1:
2018-04-20 00:45:29.595 Info, Node001,     COMMAND_CLASS_BASIC
2018-04-20 00:45:29.595 Debug, Driver::ReadButtons - zwbutton.xml file not found.
2018-04-20 00:45:29.595 Detail, Node022,   Expected reply was received
2018-04-20 00:45:29.595 Detail, Node022,   Message transaction complete
2018-04-20 00:45:29.595 Detail, 
2018-04-20 00:45:29.595 Detail, Node001, Removing current message
2018-04-20 00:45:29.596 Detail, Node001, Notification: NodeProtocolInfo
2018-04-20 00:45:29.598 Detail, Node001, Notification: ValueAdded
2018-04-20 00:45:29.601 Detail, Node001, Query Stage Complete (ProtocolInfo)
2018-04-20 00:45:29.601 Detail, Node001, AdvanceQueries queryPending=0 queryRetries=0 queryStage=Probe live=1
2018-04-20 00:45:29.601 Detail, Node001, QueryStage_Probe
2018-04-20 00:45:29.601 Detail, Node001, QueryStage_WakeUp
2018-04-20 00:45:29.602 Detail, Node001, QueryStage_ManufacturerSpecific1
2018-04-20 00:45:29.602 Detail, Node001, Load Controller Manufacturer Specific Config
2018-04-20 00:45:29.632 Info, Product name collision: VRS15-1LZ Switch type 301 id 209 manufacturerid 1d, collides with VRS15-1LZ Binary Scene Switch, type 301 id 209 manufacturerid 1d
2018-04-20 00:45:29.633 Info, Product name collision: VRF01-1LZ Multilevel Scene Switch - 1.5A Fan type 1001 id 209 manufacturerid 1d, collides with VRF01-1LZ Quiet Fan Speed Control, type 1001 id 209 manufacturerid 1d
2018-04-20 00:45:29.637 Info, Node001,   Opening config param file /srv/homeassistant/homeassistant_venv/lib/python3.4/site-packages/libopenzwave-0.3.3-py3.4-linux-armv7l.egg/config/aeotec/zw090.xml
2018-04-20 00:45:29.639 Detail, Node001, QueryStage_NodePlusInfo
2018-04-20 00:45:29.639 Detail, Node001, QueryStage_SecurityReport
2018-04-20 00:45:29.639 Detail, Node001, QueryStage_ManufacturerSpecific2
2018-04-20 00:45:29.639 Detail, Node001, QueryStage_Versions
2018-04-20 00:45:29.639 Detail, Node001, QueryStage_Instances
2018-04-20 00:45:29.639 Info, Node001, Essential node queries are complete
2018-04-20 00:45:29.639 Detail, Node001, QueryStage_Static
2018-04-20 00:45:29.639 Detail, Node001, QueryStage_Associations
2018-04-20 00:45:29.639 Detail, Node001, QueryStage_Neighbors
2018-04-20 00:45:29.639 Detail, Requesting routing info (neighbor list) for Node 1
2018-04-20 00:45:29.639 Detail, Node001, Queuing (Command) Get Routing Info (Node=1): 0x01, 0x07, 0x00, 0x80, 0x01, 0x00, 0x00, 0x03, 0x7a
2018-04-20 00:45:29.639 Detail, Node001, Queuing (Query) Query Stage Complete (Neighbors)
2018-04-20 00:45:29.639 Detail, Node001, Notification: EssentialNodeQueriesComplete
2018-04-20 00:45:29.642 Detail, 
2018-04-20 00:45:29.642 Info, Node001, Sending (Command) message (Callback ID=0x00, Expected Reply=0x80) - Get Routing Info (Node=1): 0x01, 0x07, 0x00, 0x80, 0x01, 0x00, 0x00, 0x03, 0x7a
2018-04-20 00:45:29.646 Detail, Node001,   Received: 0x01, 0x20, 0x01, 0x80, 0x02, 0x00, 0x00, 0x00, 0x00, 0x00, 0x00, 0x00, 0x00, 0x00, 0x00, 0x00, 0x00, 0x00, 0x00, 0x00, 0x00, 0x00, 0x00, 0x00, 0x00, 0x00, 0x00, 0x00, 0x00, 0x00, 0x00, 0x00, 0x00, 0x5c
2018-04-20 00:45:29.646 Detail, 
2018-04-20 00:45:29.646 Info, Node001, Received reply to FUNC_ID_ZW_GET_ROUTING_INFO
2018-04-20 00:45:29.646 Info, Node001,     Neighbors of this node are:
2018-04-20 00:45:29.646 Info, Node001,     Node 2
2018-04-20 00:45:29.646 Detail,   Expected reply was received
2018-04-20 00:45:29.646 Detail,   Message transaction complete
2018-04-20 00:45:29.646 Detail, 
2018-04-20 00:45:29.646 Detail, Node001, Removing current message
2018-04-20 00:45:29.646 Detail, 
2018-04-20 00:45:29.647 Info, Node002, Sending (Query) message (Callback ID=0x00, Expected Reply=0x41) - Get Node Protocol Info (Node=2): 0x01, 0x04, 0x00, 0x41, 0x02, 0xb8
2018-04-20 00:45:29.649 Detail, Node002,   Received: 0x01, 0x09, 0x01, 0x41, 0xd3, 0x9c, 0x01, 0x04, 0x10, 0x01, 0xed
2018-04-20 00:45:29.649 Detail, 
2018-04-20 00:45:29.649 Info, Node002, Received reply to FUNC_ID_ZW_GET_NODE_PROTOCOL_INFO
2018-04-20 00:45:29.649 Info, Node002,   Protocol Info for Node 2:
2018-04-20 00:45:29.649 Info, Node002,     Listening     = true
2018-04-20 00:45:29.649 Info, Node002,     Beaming       = true
2018-04-20 00:45:29.649 Info, Node002,     Routing       = true
2018-04-20 00:45:29.649 Info, Node002,     Max Baud Rate = 40000
2018-04-20 00:45:29.649 Info, Node002,     Version       = 4
2018-04-20 00:45:29.649 Info, Node002,     Security      = false
2018-04-20 00:45:29.649 Info, Node002,   Basic device class    (0x04) - Routing Slave
2018-04-20 00:45:29.649 Info, Node002,   Generic device Class  (0x10) - Binary Switch
2018-04-20 00:45:29.649 Info, Node002,   Specific device class (0x01) - Binary Power Switch
2018-04-20 00:45:29.649 Info, Node002,     COMMAND_CLASS_BASIC will be mapped to COMMAND_CLASS_SWITCH_BINARY
2018-04-20 00:45:29.649 Info, Node002,   Mandatory Command Classes for Node 2:
2018-04-20 00:45:29.649 Info, Node002,     COMMAND_CLASS_BASIC
2018-04-20 00:45:29.650 Info, Node002,     COMMAND_CLASS_SWITCH_BINARY
2018-04-20 00:45:29.650 Info, Node002,     COMMAND_CLASS_SWITCH_ALL
2018-04-20 00:45:29.650 Info, Node002,   Mandatory Command Classes controlled by Node 2:
2018-04-20 00:45:29.650 Info, Node002,     None
2018-04-20 00:45:29.650 Detail, Node156,   Expected reply was received
2018-04-20 00:45:29.650 Detail, Node156,   Message transaction complete
2018-04-20 00:45:29.650 Detail, 
2018-04-20 00:45:29.650 Detail, Node002, Removing current message
2018-04-20 00:45:29.650 Detail, Node002, Notification: NodeProtocolInfo
2018-04-20 00:45:29.652 Detail, Node002, Notification: ValueAdded
2018-04-20 00:45:29.656 Detail, Node002, Notification: ValueAdded
2018-04-20 00:45:29.660 Detail, Node002, Query Stage Complete (ProtocolInfo)
2018-04-20 00:45:29.660 Detail, Node002, AdvanceQueries queryPending=0 queryRetries=0 queryStage=Probe live=1
2018-04-20 00:45:29.660 Detail, Node002, QueryStage_Probe
2018-04-20 00:45:29.660 Info, Node002, NoOperation::Set - Routing=true
2018-04-20 00:45:29.660 Detail, Node002, Queuing (NoOp) NoOperation_Set (Node=2): 0x01, 0x09, 0x00, 0x13, 0x02, 0x02, 0x00, 0x00, 0x25, 0x0a, 0xca
2018-04-20 00:45:29.660 Detail, Node002, Queuing (Query) Query Stage Complete (Probe)
2018-04-20 00:45:29.660 Detail, 
2018-04-20 00:45:29.660 Info, Node002, Sending (NoOp) message (Callback ID=0x0a, Expected Reply=0x13) - NoOperation_Set (Node=2): 0x01, 0x09, 0x00, 0x13, 0x02, 0x02, 0x00, 0x00, 0x25, 0x0a, 0xca
2018-04-20 00:45:29.668 Detail, Node002,   Received: 0x01, 0x04, 0x01, 0x13, 0x01, 0xe8
2018-04-20 00:45:29.668 Detail, Node002,   ZW_SEND_DATA delivered to Z-Wave stack
2018-04-20 00:45:29.684 Detail, Node002,   Received: 0x01, 0x07, 0x00, 0x13, 0x0a, 0x00, 0x00, 0x02, 0xe3
2018-04-20 00:45:29.684 Detail, Node002,   ZW_SEND_DATA Request with callback ID 0x0a received (expected 0x0a)
2018-04-20 00:45:29.685 Info, Node002, Request RTT 24 Average Request RTT 24
2018-04-20 00:45:29.685 Detail,   Expected callbackId was received
2018-04-20 00:45:29.685 Detail,   Expected reply was received
2018-04-20 00:45:29.685 Detail,   Message transaction complete
2018-04-20 00:45:29.685 Detail, 
2018-04-20 00:45:29.685 Detail, Node002, Removing current message
2018-04-20 00:45:29.685 Detail, Node002, Notification: Notification - NoOperation
2018-04-20 00:45:29.687 Detail, Node001, Query Stage Complete (Neighbors)
2018-04-20 00:45:29.687 Detail, Node001, AdvanceQueries queryPending=0 queryRetries=0 queryStage=Session live=1
2018-04-20 00:45:29.687 Detail, Node001, QueryStage_Session
2018-04-20 00:45:29.687 Detail, Node001, QueryStage_Dynamic
2018-04-20 00:45:29.687 Detail, Node001, QueryStage_Configuration
2018-04-20 00:45:29.687 Detail, Node001, QueryStage_Complete
2018-04-20 00:45:29.687 Warning, CheckCompletedNodeQueries m_allNodesQueried=0 m_awakeNodesQueried=0
2018-04-20 00:45:29.687 Warning, CheckCompletedNodeQueries all=0, deadFound=0 sleepingOnly=0
2018-04-20 00:45:29.687 Detail, Node001, Notification: NodeQueriesComplete
2018-04-20 00:45:29.690 Detail, Node002, Query Stage Complete (Probe)
2018-04-20 00:45:29.690 Detail, Node002, AdvanceQueries queryPending=0 queryRetries=0 queryStage=WakeUp live=1
2018-04-20 00:45:29.690 Detail, Node002, QueryStage_WakeUp
2018-04-20 00:45:29.690 Detail, Node002, QueryStage_ManufacturerSpecific1
2018-04-20 00:45:29.690 Detail, Node002, Checking for ManufacturerSpecific CC and Requesting values if present on this node
2018-04-20 00:45:29.690 Detail, Node002, QueryStage_NodeInfo
2018-04-20 00:45:29.690 Detail, Node002, Queuing (Query) Request Node Info (Node=2): 0x01, 0x04, 0x00, 0x60, 0x02, 0x99
2018-04-20 00:45:29.690 Detail, Node002, Queuing (Query) Query Stage Complete (NodeInfo)
2018-04-20 00:45:29.690 Detail, 
2018-04-20 00:45:29.690 Info, Node002, Sending (Query) message (Callback ID=0x00, Expected Reply=0x49) - Request Node Info (Node=2): 0x01, 0x04, 0x00, 0x60, 0x02, 0x99
2018-04-20 00:45:29.698 Detail, Node002,   Received: 0x01, 0x04, 0x01, 0x60, 0x01, 0x9b
2018-04-20 00:45:29.698 Detail, 
2018-04-20 00:45:29.698 Info, Node155, FUNC_ID_ZW_REQUEST_NODE_INFO Request successful.
2018-04-20 00:45:29.728 Detail, Node002,   Received: 0x01, 0x16, 0x00, 0x49, 0x84, 0x02, 0x10, 0x04, 0x10, 0x01, 0x5e, 0x56, 0x86, 0x72, 0x5a, 0x85, 0x59, 0x73, 0x25, 0x27, 0x2c, 0x2b, 0x7a, 0x55
2018-04-20 00:45:29.728 Detail, 
2018-04-20 00:45:29.728 Info, Node002, UPDATE_STATE_NODE_INFO_RECEIVED from node 2
2018-04-20 00:45:29.728 Info, Node002,   Optional command classes for node 2:
2018-04-20 00:45:29.728 Info, Node002,     COMMAND_CLASS_ZWAVE_PLUS_INFO
2018-04-20 00:45:29.728 Info, Node002,     COMMAND_CLASS_CRC_16_ENCAP
2018-04-20 00:45:29.729 Info, Node002,     COMMAND_CLASS_VERSION
2018-04-20 00:45:29.729 Info, Node002,     COMMAND_CLASS_MANUFACTURER_SPECIFIC
2018-04-20 00:45:29.729 Info, Node002,     COMMAND_CLASS_DEVICE_RESET_LOCALLY
2018-04-20 00:45:29.729 Info, Node002,     COMMAND_CLASS_ASSOCIATION
2018-04-20 00:45:29.729 Info, Node002,   CommandClass 0x59 - NOT REQUIRED
2018-04-20 00:45:29.729 Info, Node002,     COMMAND_CLASS_POWERLEVEL
2018-04-20 00:45:29.729 Info, Node002,     COMMAND_CLASS_SWITCH_BINARY (Existing)
2018-04-20 00:45:29.729 Info, Node002,     COMMAND_CLASS_SWITCH_ALL (Existing)
2018-04-20 00:45:29.729 Info, Node002,   CommandClass 0x2c - NOT REQUIRED
2018-04-20 00:45:29.729 Info, Node002,     COMMAND_CLASS_SCENE_ACTIVATION
2018-04-20 00:45:29.729 Info, Node002,   CommandClass 0x7a - NOT REQUIRED
2018-04-20 00:45:29.729 Detail, Node002, AdvanceQueries queryPending=1 queryRetries=0 queryStage=NodeInfo live=1
2018-04-20 00:45:29.729 Detail, Node002,   Expected reply was received
2018-04-20 00:45:29.729 Detail, Node002,   Message transaction complete
2018-04-20 00:45:29.729 Detail, 
2018-04-20 00:45:29.729 Detail, Node002, Removing current message
2018-04-20 00:45:29.729 Detail, Node002, Notification: ValueAdded
2018-04-20 00:45:29.733 Detail, Node002, Notification: ValueAdded
2018-04-20 00:45:29.736 Detail, Node002, Notification: ValueAdded
2018-04-20 00:45:29.739 Detail, Node002, Notification: ValueAdded
2018-04-20 00:45:29.742 Detail, Node002, Notification: ValueAdded
2018-04-20 00:45:29.745 Detail, Node002, Notification: ValueAdded
2018-04-20 00:45:29.748 Detail, Node002, Notification: ValueAdded
2018-04-20 00:45:29.751 Detail, Node002, Notification: ValueAdded
2018-04-20 00:45:29.754 Detail, Node002, Notification: ValueAdded
2018-04-20 00:45:29.757 Detail, Node002, Notification: ValueAdded
2018-04-20 00:45:29.761 Detail, Node002, Notification: ValueAdded
2018-04-20 00:45:29.764 Detail, Node002, Notification: ValueAdded
2018-04-20 00:45:29.767 Detail, Node002, Notification: ValueAdded
2018-04-20 00:45:29.770 Detail, Node002, Notification: ValueAdded
2018-04-20 00:45:29.773 Detail, Node002, Notification: ValueAdded
2018-04-20 00:45:29.776 Detail, Node002, Notification: ValueAdded
2018-04-20 00:45:29.779 Detail, Node002, Query Stage Complete (NodeInfo)
2018-04-20 00:45:29.779 Detail, Node002, AdvanceQueries queryPending=0 queryRetries=0 queryStage=NodePlusInfo live=1
2018-04-20 00:45:29.779 Detail, Node002, QueryStage_NodePlusInfo
2018-04-20 00:45:29.779 Detail, Node002, Queuing (Query) ZWavePlusInfoCmd_Get (Node=2): 0x01, 0x09, 0x00, 0x13, 0x02, 0x02, 0x5e, 0x01, 0x25, 0x0b, 0x94
2018-04-20 00:45:29.779 Detail, Node002, Queuing (Query) Query Stage Complete (NodePlusInfo)
2018-04-20 00:45:29.779 Detail, 
2018-04-20 00:45:29.779 Info, Node002, Sending (Query) message (Callback ID=0x0b, Expected Reply=0x04) - ZWavePlusInfoCmd_Get (Node=2): 0x01, 0x09, 0x00, 0x13, 0x02, 0x02, 0x5e, 0x01, 0x25, 0x0b, 0x94
2018-04-20 00:45:29.787 Detail, Node002,   Received: 0x01, 0x04, 0x01, 0x13, 0x01, 0xe8
2018-04-20 00:45:29.787 Detail, Node002,   ZW_SEND_DATA delivered to Z-Wave stack
2018-04-20 00:45:29.802 Detail, Node002,   Received: 0x01, 0x07, 0x00, 0x13, 0x0b, 0x00, 0x00, 0x02, 0xe2
2018-04-20 00:45:29.803 Detail, Node002,   ZW_SEND_DATA Request with callback ID 0x0b received (expected 0x0b)
2018-04-20 00:45:29.803 Info, Node002, Request RTT 23 Average Request RTT 23
2018-04-20 00:45:29.803 Detail,   Expected callbackId was received
2018-04-20 00:45:29.815 Detail, Node002,   Received: 0x01, 0x0f, 0x00, 0x04, 0x00, 0x02, 0x09, 0x5e, 0x02, 0x01, 0x05, 0x00, 0x07, 0x00, 0x07, 0x00, 0xa7
2018-04-20 00:45:29.815 Detail, 
2018-04-20 00:45:29.815 Info, Node002, Response RTT 35 Average Response RTT 35
2018-04-20 00:45:29.815 Info, Node002, ZWave+ Info Received from Node 2
2018-04-20 00:45:29.815 Info, Node002,   Zwave+ Node Type  (0x00) - Z-Wave+ node. Mandatory Command Classes:
2018-04-20 00:45:29.815 Info, Node002,     NONE
2018-04-20 00:45:29.815 Info, Node002,   Zwave+ Device Type  (0x700) - On/Off Power Switch. Mandatory Command Classes:
2018-04-20 00:45:29.815 Info, Node002,     COMMAND_CLASS_DEVICE_RESET_LOCALLY
2018-04-20 00:45:29.815 Info, Node002,     COMMAND_CLASS_ZWAVE_PLUS_INFO
2018-04-20 00:45:29.815 Info, Node002,     0x59 (Not Supported)
2018-04-20 00:45:29.815 Info, Node002,     COMMAND_CLASS_MANUFACTURER_SPECIFIC
2018-04-20 00:45:29.815 Info, Node002,     COMMAND_CLASS_POWERLEVEL
2018-04-20 00:45:29.815 Info, Node002,     COMMAND_CLASS_ASSOCIATION
2018-04-20 00:45:29.815 Info, Node002,     COMMAND_CLASS_VERSION
2018-04-20 00:45:29.815 Info, Node002,     COMMAND_CLASS_SWITCH_BINARY
2018-04-20 00:45:29.815 Info, Node002,   ZWave+ Role Type  (0x10) - Always On Slave
2018-04-20 00:45:29.815 Info, Node002,     COMMAND_CLASS_DEVICE_RESET_LOCALLY
2018-04-20 00:45:29.815 Detail, Node002, Initial read of value
2018-04-20 00:45:29.815 Detail, Node002, Initial read of value
2018-04-20 00:45:29.815 Detail, Node002, Initial read of value
2018-04-20 00:45:29.816 Detail, Node002,   Expected reply and command class was received
2018-04-20 00:45:29.816 Detail, Node002,   Message transaction complete
2018-04-20 00:45:29.816 Detail, 
2018-04-20 00:45:29.816 Detail, Node002, Removing current message
2018-04-20 00:45:29.816 Detail, Node002, Notification: ValueChanged
2018-04-20 00:45:29.819 Detail, Node002, Notification: ValueChanged
2018-04-20 00:45:29.822 Detail, Node002, Notification: ValueChanged
2018-04-20 00:45:29.824 Detail, Node002, Query Stage Complete (NodePlusInfo)
2018-04-20 00:45:29.824 Detail, Node002, AdvanceQueries queryPending=0 queryRetries=0 queryStage=SecurityReport live=1
2018-04-20 00:45:29.824 Detail, Node002, QueryStage_SecurityReport
2018-04-20 00:45:29.824 Detail, Node002, QueryStage_ManufacturerSpecific2
2018-04-20 00:45:29.824 Detail, Node002, Queuing (Query) ManufacturerSpecificCmd_Get (Node=2): 0x01, 0x09, 0x00, 0x13, 0x02, 0x02, 0x72, 0x04, 0x25, 0x0c, 0xba
2018-04-20 00:45:29.824 Detail, Node002, Queuing (Query) Query Stage Complete (ManufacturerSpecific2)
2018-04-20 00:45:29.825 Detail, 
2018-04-20 00:45:29.825 Info, Node002, Sending (Query) message (Callback ID=0x0c, Expected Reply=0x04) - ManufacturerSpecificCmd_Get (Node=2): 0x01, 0x09, 0x00, 0x13, 0x02, 0x02, 0x72, 0x04, 0x25, 0x0c, 0xba
2018-04-20 00:45:29.832 Detail, Node002,   Received: 0x01, 0x04, 0x01, 0x13, 0x01, 0xe8
2018-04-20 00:45:29.833 Detail, Node002,   ZW_SEND_DATA delivered to Z-Wave stack
2018-04-20 00:45:29.849 Detail, Node002,   Received: 0x01, 0x07, 0x00, 0x13, 0x0c, 0x00, 0x00, 0x02, 0xe5
2018-04-20 00:45:29.849 Detail, Node002,   ZW_SEND_DATA Request with callback ID 0x0c received (expected 0x0c)
2018-04-20 00:45:29.849 Info, Node002, Request RTT 24 Average Request RTT 23
2018-04-20 00:45:29.849 Detail,   Expected callbackId was received
2018-04-20 00:45:29.860 Detail, Node002,   Received: 0x01, 0x0e, 0x00, 0x04, 0x00, 0x02, 0x08, 0x72, 0x05, 0x00, 0x63, 0x4f, 0x50, 0x30, 0x32, 0xf6
2018-04-20 00:45:29.861 Detail, 
2018-04-20 00:45:29.861 Info, Node002, Response RTT 35 Average Response RTT 35
2018-04-20 00:45:29.861 Info, Node002, Received manufacturer specific report from node 2: Manufacturer=GE, Product=Unknown: type=4f50, id=3032
2018-04-20 00:45:29.861 Info, Node002, Node Identity Codes: 0063:4f50:3032
2018-04-20 00:45:29.861 Detail, Node002,   Expected reply and command class was received
2018-04-20 00:45:29.861 Detail, Node002,   Message transaction complete
2018-04-20 00:45:29.861 Detail, 
2018-04-20 00:45:29.861 Detail, Node002, Removing current message
2018-04-20 00:45:29.861 Detail, Node002, Notification: NodeNaming
2018-04-20 00:45:29.864 Detail, Node002, Query Stage Complete (ManufacturerSpecific2)
2018-04-20 00:45:29.864 Detail, Node002, AdvanceQueries queryPending=0 queryRetries=0 queryStage=Versions live=1
2018-04-20 00:45:29.864 Detail, Node002, QueryStage_Versions
2018-04-20 00:45:29.864 Info, Node002, Requesting Versions
2018-04-20 00:45:29.864 Info, Node002, Requesting Versions for COMMAND_CLASS_NO_OPERATION
2018-04-20 00:45:29.864 Info, Node002, Requesting Versions for COMMAND_CLASS_BASIC
2018-04-20 00:45:29.864 Info, Node002, Requesting Versions for COMMAND_CLASS_SWITCH_BINARY
2018-04-20 00:45:29.864 Info, Node002, Requesting Versions for COMMAND_CLASS_SWITCH_ALL
2018-04-20 00:45:29.864 Info, Node002, Requesting Versions for COMMAND_CLASS_SCENE_ACTIVATION
2018-04-20 00:45:29.864 Info, Node002, Requesting Versions for COMMAND_CLASS_CRC_16_ENCAP
2018-04-20 00:45:29.864 Info, Node002, Requesting Versions for COMMAND_CLASS_DEVICE_RESET_LOCALLY
2018-04-20 00:45:29.864 Info, Node002, Requesting Versions for COMMAND_CLASS_ZWAVE_PLUS_INFO
2018-04-20 00:45:29.864 Info, Node002, Requesting Versions for COMMAND_CLASS_MANUFACTURER_SPECIFIC
2018-04-20 00:45:29.864 Info, Node002, Requesting Versions for COMMAND_CLASS_POWERLEVEL
2018-04-20 00:45:29.864 Info, Node002, Requesting Versions for COMMAND_CLASS_ASSOCIATION
2018-04-20 00:45:29.864 Info, Node002, Requesting Versions for COMMAND_CLASS_VERSION
2018-04-20 00:45:29.864 Detail, Node002, QueryStage_Instances
2018-04-20 00:45:29.864 Info, Node002, Essential node queries are complete
2018-04-20 00:45:29.864 Detail, Node002, QueryStage_Static
2018-04-20 00:45:29.864 Detail, Node002, Queuing (Query) AssociationCmd_GroupingsGet (Node=2): 0x01, 0x09, 0x00, 0x13, 0x02, 0x02, 0x85, 0x05, 0x25, 0x0d, 0x4d
2018-04-20 00:45:29.864 Detail, Node002, Queuing (Query) VersionCmd_Get (Node=2): 0x01, 0x09, 0x00, 0x13, 0x02, 0x02, 0x86, 0x11, 0x25, 0x0e, 0x59
2018-04-20 00:45:29.865 Detail, Node002, Queuing (Query) Query Stage Complete (Static)
2018-04-20 00:45:29.865 Detail, Node002, Notification: EssentialNodeQueriesComplete
2018-04-20 00:45:29.866 Detail, 
2018-04-20 00:45:29.866 Info, Node002, Sending (Query) message (Callback ID=0x0d, Expected Reply=0x04) - AssociationCmd_GroupingsGet (Node=2): 0x01, 0x09, 0x00, 0x13, 0x02, 0x02, 0x85, 0x05, 0x25, 0x0d, 0x4d
2018-04-20 00:45:29.874 Detail, Node002,   Received: 0x01, 0x04, 0x01, 0x13, 0x01, 0xe8
2018-04-20 00:45:29.875 Detail, Node002,   ZW_SEND_DATA delivered to Z-Wave stack
2018-04-20 00:45:29.891 Detail, Node002,   Received: 0x01, 0x07, 0x00, 0x13, 0x0d, 0x00, 0x00, 0x02, 0xe4
2018-04-20 00:45:29.891 Detail, Node002,   ZW_SEND_DATA Request with callback ID 0x0d received (expected 0x0d)
2018-04-20 00:45:29.891 Info, Node002, Request RTT 24 Average Request RTT 23
2018-04-20 00:45:29.891 Detail,   Expected callbackId was received
2018-04-20 00:45:29.901 Detail, Node002,   Received: 0x01, 0x09, 0x00, 0x04, 0x00, 0x02, 0x03, 0x85, 0x06, 0x03, 0x73
2018-04-20 00:45:29.901 Detail, 
2018-04-20 00:45:29.901 Info, Node002, Response RTT 34 Average Response RTT 34
2018-04-20 00:45:29.901 Info, Node002, Received Association Groupings report from node 2. Number of groups is 3
2018-04-20 00:45:29.901 Detail, Node002,   Expected reply and command class was received
2018-04-20 00:45:29.901 Detail, Node002,   Message transaction complete
2018-04-20 00:45:29.902 Detail, 
2018-04-20 00:45:29.902 Detail, Node002, Removing current message
2018-04-20 00:45:29.902 Detail, 
2018-04-20 00:45:29.902 Info, Node002, Sending (Query) message (Callback ID=0x0e, Expected Reply=0x04) - VersionCmd_Get (Node=2): 0x01, 0x09, 0x00, 0x13, 0x02, 0x02, 0x86, 0x11, 0x25, 0x0e, 0x59
2018-04-20 00:45:29.910 Detail, Node002,   Received: 0x01, 0x04, 0x01, 0x13, 0x01, 0xe8
2018-04-20 00:45:29.911 Detail, Node002,   ZW_SEND_DATA delivered to Z-Wave stack
2018-04-20 00:45:29.927 Detail, Node002,   Received: 0x01, 0x07, 0x00, 0x13, 0x0e, 0x00, 0x00, 0x02, 0xe7
2018-04-20 00:45:29.927 Detail, Node002,   ZW_SEND_DATA Request with callback ID 0x0e received (expected 0x0e)
2018-04-20 00:45:29.927 Info, Node002, Request RTT 25 Average Request RTT 24
2018-04-20 00:45:29.927 Detail,   Expected callbackId was received
2018-04-20 00:45:29.939 Detail, Node002,   Received: 0x01, 0x0f, 0x00, 0x04, 0x00, 0x02, 0x09, 0x86, 0x12, 0x03, 0x04, 0x36, 0x05, 0x15, 0xff, 0x00, 0xb5
2018-04-20 00:45:29.939 Detail, 
2018-04-20 00:45:29.939 Info, Node002, Response RTT 37 Average Response RTT 35
2018-04-20 00:45:29.939 Info, Node002, Received Version report from node 2: Library=3, Protocol=4.54, Application=5.21
2018-04-20 00:45:29.939 Detail, Node002, Initial read of value
2018-04-20 00:45:29.939 Detail, Node002, Initial read of value
2018-04-20 00:45:29.939 Detail, Node002, Initial read of value
2018-04-20 00:45:29.939 Detail, Node002,   Expected reply and command class was received
2018-04-20 00:45:29.940 Detail, Node002,   Message transaction complete
2018-04-20 00:45:29.940 Detail, 
2018-04-20 00:45:29.940 Detail, Node002, Removing current message
2018-04-20 00:45:29.940 Detail, Node002, Notification: ValueChanged
2018-04-20 00:45:29.943 Detail, Node002, Notification: ValueChanged
2018-04-20 00:45:29.945 Detail, Node002, Notification: ValueChanged
2018-04-20 00:45:29.948 Detail, Node002, Query Stage Complete (Static)
2018-04-20 00:45:29.948 Detail, Node002, AdvanceQueries queryPending=0 queryRetries=0 queryStage=Associations live=1
2018-04-20 00:45:29.948 Detail, Node002, QueryStage_Associations
2018-04-20 00:45:29.948 Info, Node002, Number of association groups reported for node 2 is 3.
2018-04-20 00:45:29.948 Info, Node002, Get Associations for group 1 of node 2
2018-04-20 00:45:29.948 Detail, Node002, Queuing (Send) AssociationCmd_Get (Node=2): 0x01, 0x0a, 0x00, 0x13, 0x02, 0x03, 0x85, 0x02, 0x01, 0x25, 0x0f, 0x4b
2018-04-20 00:45:29.948 Detail, Node002, Queuing (Query) Query Stage Complete (Associations)
2018-04-20 00:45:29.948 Detail, 
2018-04-20 00:45:29.948 Info, Node002, Sending (Send) message (Callback ID=0x0f, Expected Reply=0x04) - AssociationCmd_Get (Node=2): 0x01, 0x0a, 0x00, 0x13, 0x02, 0x03, 0x85, 0x02, 0x01, 0x25, 0x0f, 0x4b
2018-04-20 00:45:29.957 Detail, Node002,   Received: 0x01, 0x04, 0x01, 0x13, 0x01, 0xe8
2018-04-20 00:45:29.957 Detail, Node002,   ZW_SEND_DATA delivered to Z-Wave stack
2018-04-20 00:45:29.972 Detail, Node002,   Received: 0x01, 0x07, 0x00, 0x13, 0x0f, 0x00, 0x00, 0x02, 0xe6
2018-04-20 00:45:29.972 Detail, Node002,   ZW_SEND_DATA Request with callback ID 0x0f received (expected 0x0f)
2018-04-20 00:45:29.972 Info, Node002, Request RTT 23 Average Request RTT 23
2018-04-20 00:45:29.972 Detail,   Expected callbackId was received
2018-04-20 00:45:29.984 Detail, Node002,   Received: 0x01, 0x0c, 0x00, 0x04, 0x00, 0x02, 0x06, 0x85, 0x03, 0x01, 0x05, 0x00, 0x01, 0x70
2018-04-20 00:45:29.984 Detail, 
2018-04-20 00:45:29.984 Info, Node002, Response RTT 35 Average Response RTT 35
2018-04-20 00:45:29.984 Info, Node002, Received Association report from node 2, group 1, containing 1 associations
2018-04-20 00:45:29.984 Info, Node002,   The group contains:
2018-04-20 00:45:29.984 Info, Node002,     Node 1
2018-04-20 00:45:29.984 Detail, Node002, Queuing (Controller) Delete All Return Routes
2018-04-20 00:45:29.984 Detail, Node002, Queuing (Controller) Assign Return Route
2018-04-20 00:45:29.984 Info, Node002, Get Associations for group 2 of node 2
2018-04-20 00:45:29.984 Detail, Node002, Queuing (Send) AssociationCmd_Get (Node=2): 0x01, 0x0a, 0x00, 0x13, 0x02, 0x03, 0x85, 0x02, 0x02, 0x25, 0x10, 0x57
2018-04-20 00:45:29.984 Detail, Node002,   Expected reply and command class was received
2018-04-20 00:45:29.984 Detail, Node002,   Message transaction complete
2018-04-20 00:45:29.985 Detail, 
2018-04-20 00:45:29.985 Detail, Node002, Removing current message
2018-04-20 00:45:29.985 Detail, Node002, Notification: Group
2018-04-20 00:45:29.987 Info, Deleting all return routes from node 2
2018-04-20 00:45:29.987 Detail, Node002, Queuing (Command) ControllerCommand_DeleteAllReturnRoutess (Node=2): 0x01, 0x05, 0x00, 0x47, 0x02, 0x11, 0xae
2018-04-20 00:45:29.987 Detail, Notification: ControllerCommand - Starting
2018-04-20 00:45:29.989 Detail, 
2018-04-20 00:45:29.989 Info, Node002, Sending (Command) message (Callback ID=0x11, Expected Reply=0x47) - ControllerCommand_DeleteAllReturnRoutess (Node=2): 0x01, 0x05, 0x00, 0x47, 0x02, 0x11, 0xae
2018-04-20 00:45:29.996 Detail, Node002,   Received: 0x01, 0x04, 0x01, 0x47, 0x01, 0xbc
2018-04-20 00:45:29.996 Detail, 
2018-04-20 00:45:29.996 Info, Node002, Received reply to FUNC_ID_ZW_DELETE_RETURN_ROUTE - command in progress
2018-04-20 00:45:29.996 Detail, Notification: ControllerCommand - InProgress
2018-04-20 00:45:30.123 Detail, Node002,   Received: 0x01, 0x05, 0x00, 0x47, 0x11, 0x00, 0xac
2018-04-20 00:45:30.124 Detail, 
2018-04-20 00:45:30.124 Info, Node002, Received reply to FUNC_ID_ZW_DELETE_RETURN_ROUTE for node 2 - SUCCESS
2018-04-20 00:45:30.124 Detail,   Expected callbackId was received
2018-04-20 00:45:30.124 Detail,   Expected reply was received
2018-04-20 00:45:30.124 Detail,   Message transaction complete
2018-04-20 00:45:30.124 Detail, 
2018-04-20 00:45:30.124 Detail, Node002, Removing current message
2018-04-20 00:45:30.124 Detail, Notification: ControllerCommand - Completed
2018-04-20 00:45:30.126 Info, Assigning return route from node 2 to node 1
2018-04-20 00:45:30.126 Detail, Node002, Queuing (Command) ControllerCommand_AssignReturnRoute (Node=2): 0x01, 0x06, 0x00, 0x46, 0x02, 0x01, 0x12, 0xae
2018-04-20 00:45:30.126 Detail, Notification: ControllerCommand - Starting
2018-04-20 00:45:30.128 Detail, 
2018-04-20 00:45:30.128 Info, Node002, Sending (Command) message (Callback ID=0x12, Expected Reply=0x46) - ControllerCommand_AssignReturnRoute (Node=2): 0x01, 0x06, 0x00, 0x46, 0x02, 0x01, 0x12, 0xae
2018-04-20 00:45:30.140 Detail, Node002,   Received: 0x01, 0x04, 0x01, 0x46, 0x01, 0xbd
2018-04-20 00:45:30.140 Detail, 
2018-04-20 00:45:30.140 Info, Node002, Received reply to FUNC_ID_ZW_ASSIGN_RETURN_ROUTE - command in progress
2018-04-20 00:45:30.140 Detail, Notification: ControllerCommand - InProgress
2018-04-20 00:45:30.458 Detail, Node002,   Received: 0x01, 0x05, 0x00, 0x46, 0x12, 0x00, 0xae
2018-04-20 00:45:30.458 Detail, 
2018-04-20 00:45:30.458 Info, Node002, Received reply to FUNC_ID_ZW_ASSIGN_RETURN_ROUTE for node 2 - SUCCESS
2018-04-20 00:45:30.458 Detail,   Expected callbackId was received
2018-04-20 00:45:30.458 Detail,   Expected reply was received
2018-04-20 00:45:30.458 Detail,   Message transaction complete
2018-04-20 00:45:30.458 Detail, 
2018-04-20 00:45:30.458 Detail, Node002, Removing current message
2018-04-20 00:45:30.458 Detail, Notification: ControllerCommand - Completed
2018-04-20 00:45:30.461 Detail, 
2018-04-20 00:45:30.461 Info, Node002, Sending (Send) message (Callback ID=0x10, Expected Reply=0x04) - AssociationCmd_Get (Node=2): 0x01, 0x0a, 0x00, 0x13, 0x02, 0x03, 0x85, 0x02, 0x02, 0x25, 0x10, 0x57
2018-04-20 00:45:30.469 Detail, Node002,   Received: 0x01, 0x04, 0x01, 0x13, 0x01, 0xe8
2018-04-20 00:45:30.469 Detail, Node002,   ZW_SEND_DATA delivered to Z-Wave stack
2018-04-20 00:45:30.486 Detail, Node002,   Received: 0x01, 0x07, 0x00, 0x13, 0x10, 0x00, 0x00, 0x02, 0xf9
2018-04-20 00:45:30.486 Detail, Node002,   ZW_SEND_DATA Request with callback ID 0x10 received (expected 0x10)
2018-04-20 00:45:30.486 Info, Node002, Request RTT 25 Average Request RTT 24
2018-04-20 00:45:30.486 Detail,   Expected callbackId was received
2018-04-20 00:45:30.497 Detail, Node002,   Received: 0x01, 0x0b, 0x00, 0x04, 0x00, 0x02, 0x05, 0x85, 0x03, 0x02, 0x05, 0x00, 0x76
2018-04-20 00:45:30.497 Detail, 
2018-04-20 00:45:30.497 Info, Node002, Response RTT 36 Average Response RTT 35
2018-04-20 00:45:30.497 Info, Node002, Received Association report from node 2, group 2, containing 0 associations
2018-04-20 00:45:30.497 Info, Node002, Get Associations for group 3 of node 2
2018-04-20 00:45:30.498 Detail, Node002, Queuing (Send) AssociationCmd_Get (Node=2): 0x01, 0x0a, 0x00, 0x13, 0x02, 0x03, 0x85, 0x02, 0x03, 0x25, 0x13, 0x55
2018-04-20 00:45:30.498 Detail, Node002,   Expected reply and command class was received
2018-04-20 00:45:30.498 Detail, Node002,   Message transaction complete
2018-04-20 00:45:30.498 Detail, 
2018-04-20 00:45:30.498 Detail, Node002, Removing current message
2018-04-20 00:45:30.498 Detail, Node002, Notification: Group
2018-04-20 00:45:30.502 Detail, 
2018-04-20 00:45:30.502 Info, Node002, Sending (Send) message (Callback ID=0x13, Expected Reply=0x04) - AssociationCmd_Get (Node=2): 0x01, 0x0a, 0x00, 0x13, 0x02, 0x03, 0x85, 0x02, 0x03, 0x25, 0x13, 0x55
2018-04-20 00:45:30.511 Detail, Node002,   Received: 0x01, 0x04, 0x01, 0x13, 0x01, 0xe8
2018-04-20 00:45:30.511 Detail, Node002,   ZW_SEND_DATA delivered to Z-Wave stack
2018-04-20 00:45:30.526 Detail, Node002,   Received: 0x01, 0x07, 0x00, 0x13, 0x13, 0x00, 0x00, 0x02, 0xfa
2018-04-20 00:45:30.527 Detail, Node002,   ZW_SEND_DATA Request with callback ID 0x13 received (expected 0x13)
2018-04-20 00:45:30.527 Info, Node002, Request RTT 24 Average Request RTT 24
2018-04-20 00:45:30.527 Detail,   Expected callbackId was received
2018-04-20 00:45:30.538 Detail, Node002,   Received: 0x01, 0x0b, 0x00, 0x04, 0x00, 0x02, 0x05, 0x85, 0x03, 0x03, 0x05, 0x00, 0x77
2018-04-20 00:45:30.538 Detail, 
2018-04-20 00:45:30.538 Info, Node002, Response RTT 35 Average Response RTT 35
2018-04-20 00:45:30.538 Info, Node002, Received Association report from node 2, group 3, containing 0 associations
2018-04-20 00:45:30.539 Info, Node002, Querying associations for node 2 is complete.
2018-04-20 00:45:30.539 Detail, Node002,   Expected reply and command class was received
2018-04-20 00:45:30.539 Detail, Node002,   Message transaction complete
2018-04-20 00:45:30.539 Detail, 
2018-04-20 00:45:30.539 Detail, Node002, Removing current message
2018-04-20 00:45:30.539 Detail, Node002, Notification: Group
2018-04-20 00:45:30.543 Detail, Node002, Query Stage Complete (Associations)
2018-04-20 00:45:30.543 Detail, Node002, AdvanceQueries queryPending=0 queryRetries=0 queryStage=Neighbors live=1
2018-04-20 00:45:30.543 Detail, Node002, QueryStage_Neighbors
2018-04-20 00:45:30.543 Detail, Requesting routing info (neighbor list) for Node 2
2018-04-20 00:45:30.543 Detail, Node002, Queuing (Command) Get Routing Info (Node=2): 0x01, 0x07, 0x00, 0x80, 0x02, 0x00, 0x00, 0x03, 0x79
2018-04-20 00:45:30.543 Detail, Node002, Queuing (Query) Query Stage Complete (Neighbors)
2018-04-20 00:45:30.544 Detail, 
2018-04-20 00:45:30.544 Info, Node002, Sending (Command) message (Callback ID=0x00, Expected Reply=0x80) - Get Routing Info (Node=2): 0x01, 0x07, 0x00, 0x80, 0x02, 0x00, 0x00, 0x03, 0x79
2018-04-20 00:45:30.548 Detail, Node002,   Received: 0x01, 0x20, 0x01, 0x80, 0x01, 0x00, 0x00, 0x00, 0x00, 0x00, 0x00, 0x00, 0x00, 0x00, 0x00, 0x00, 0x00, 0x00, 0x00, 0x00, 0x00, 0x00, 0x00, 0x00, 0x00, 0x00, 0x00, 0x00, 0x00, 0x00, 0x00, 0x00, 0x00, 0x5f
2018-04-20 00:45:30.548 Detail, 
2018-04-20 00:45:30.548 Info, Node002, Received reply to FUNC_ID_ZW_GET_ROUTING_INFO
2018-04-20 00:45:30.548 Info, Node002,     Neighbors of this node are:
2018-04-20 00:45:30.549 Info, Node002,     Node 1
2018-04-20 00:45:30.549 Detail,   Expected reply was received
2018-04-20 00:45:30.549 Detail,   Message transaction complete
2018-04-20 00:45:30.549 Detail, 
2018-04-20 00:45:30.549 Detail, Node002, Removing current message
2018-04-20 00:45:30.549 Detail, Node002, Query Stage Complete (Neighbors)
2018-04-20 00:45:30.549 Detail, Node002, AdvanceQueries queryPending=0 queryRetries=0 queryStage=Session live=1
2018-04-20 00:45:30.549 Detail, Node002, QueryStage_Session
2018-04-20 00:45:30.549 Detail, Node002, Queuing (Query) SwitchAllCmd_Get (Node=2): 0x01, 0x09, 0x00, 0x13, 0x02, 0x02, 0x27, 0x02, 0x25, 0x14, 0xf1
2018-04-20 00:45:30.549 Detail, Node002, Queuing (Query) PowerlevelCmd_Get (Node=2): 0x01, 0x09, 0x00, 0x13, 0x02, 0x02, 0x73, 0x02, 0x25, 0x15, 0xa4
2018-04-20 00:45:30.549 Detail, Node002, Queuing (Query) Query Stage Complete (Session)
2018-04-20 00:45:30.550 Detail, 
2018-04-20 00:45:30.550 Info, Node002, Sending (Query) message (Callback ID=0x14, Expected Reply=0x04) - SwitchAllCmd_Get (Node=2): 0x01, 0x09, 0x00, 0x13, 0x02, 0x02, 0x27, 0x02, 0x25, 0x14, 0xf1
2018-04-20 00:45:30.558 Detail, Node002,   Received: 0x01, 0x04, 0x01, 0x13, 0x01, 0xe8
2018-04-20 00:45:30.558 Detail, Node002,   ZW_SEND_DATA delivered to Z-Wave stack
2018-04-20 00:45:30.574 Detail, Node002,   Received: 0x01, 0x07, 0x00, 0x13, 0x14, 0x00, 0x00, 0x02, 0xfd
2018-04-20 00:45:30.574 Detail, Node002,   ZW_SEND_DATA Request with callback ID 0x14 received (expected 0x14)
2018-04-20 00:45:30.574 Info, Node002, Request RTT 24 Average Request RTT 24
2018-04-20 00:45:30.574 Detail,   Expected callbackId was received
2018-04-20 00:45:30.585 Detail, Node002,   Received: 0x01, 0x09, 0x00, 0x04, 0x00, 0x02, 0x03, 0x27, 0x03, 0xff, 0x28
2018-04-20 00:45:30.585 Detail, 
2018-04-20 00:45:30.585 Info, Node002, Response RTT 35 Average Response RTT 35
2018-04-20 00:45:30.585 Detail, Node002, Initial read of value
2018-04-20 00:45:30.586 Info, Node002, Received SwitchAll report from node 2: On and Off Enabled
2018-04-20 00:45:30.586 Detail, Node002,   Expected reply and command class was received
2018-04-20 00:45:30.586 Detail, Node002,   Message transaction complete
2018-04-20 00:45:30.586 Detail, 
2018-04-20 00:45:30.586 Detail, Node002, Removing current message
2018-04-20 00:45:30.586 Detail, Node002, Notification: ValueChanged
2018-04-20 00:45:30.592 Detail, 
2018-04-20 00:45:30.592 Info, Node002, Sending (Query) message (Callback ID=0x15, Expected Reply=0x04) - PowerlevelCmd_Get (Node=2): 0x01, 0x09, 0x00, 0x13, 0x02, 0x02, 0x73, 0x02, 0x25, 0x15, 0xa4
2018-04-20 00:45:30.600 Detail, Node002,   Received: 0x01, 0x04, 0x01, 0x13, 0x01, 0xe8
2018-04-20 00:45:30.601 Detail, Node002,   ZW_SEND_DATA delivered to Z-Wave stack
2018-04-20 00:45:30.617 Detail, Node002,   Received: 0x01, 0x07, 0x00, 0x13, 0x15, 0x00, 0x00, 0x02, 0xfc
2018-04-20 00:45:30.617 Detail, Node002,   ZW_SEND_DATA Request with callback ID 0x15 received (expected 0x15)
2018-04-20 00:45:30.617 Info, Node002, Request RTT 25 Average Request RTT 24
2018-04-20 00:45:30.617 Detail,   Expected callbackId was received
2018-04-20 00:45:30.627 Detail, Node002,   Received: 0x01, 0x0a, 0x00, 0x04, 0x00, 0x02, 0x04, 0x73, 0x03, 0x00, 0x00, 0x87
2018-04-20 00:45:30.627 Detail, 
2018-04-20 00:45:30.627 Info, Node002, Response RTT 35 Average Response RTT 35
2018-04-20 00:45:30.628 Info, Node002, Received a PowerLevel report: PowerLevel=Normal, Timeout=0
2018-04-20 00:45:30.628 Detail, Node002, Initial read of value
2018-04-20 00:45:30.628 Detail, Node002, Initial read of value
2018-04-20 00:45:30.628 Detail, Node002,   Expected reply and command class was received
2018-04-20 00:45:30.628 Detail, Node002,   Message transaction complete
2018-04-20 00:45:30.628 Detail, 
2018-04-20 00:45:30.628 Detail, Node002, Removing current message
2018-04-20 00:45:30.628 Detail, Node002, Notification: ValueChanged
2018-04-20 00:45:30.634 Detail, Node002, Notification: ValueChanged
2018-04-20 00:45:30.639 Detail, Node002, Query Stage Complete (Session)
2018-04-20 00:45:30.640 Detail, Node002, AdvanceQueries queryPending=0 queryRetries=0 queryStage=Dynamic live=1
2018-04-20 00:45:30.640 Detail, Node002, QueryStage_Dynamic
2018-04-20 00:45:30.640 Detail, Node002, Queuing (Send) SwitchBinaryCmd_Get (Node=2): 0x01, 0x09, 0x00, 0x13, 0x02, 0x02, 0x25, 0x02, 0x25, 0x16, 0xf1
2018-04-20 00:45:30.640 Detail, Node002, Queuing (Query) Query Stage Complete (Dynamic)
2018-04-20 00:45:30.640 Detail, 
2018-04-20 00:45:30.640 Info, Node002, Sending (Send) message (Callback ID=0x16, Expected Reply=0x04) - SwitchBinaryCmd_Get (Node=2): 0x01, 0x09, 0x00, 0x13, 0x02, 0x02, 0x25, 0x02, 0x25, 0x16, 0xf1
2018-04-20 00:45:30.649 Detail, Node002,   Received: 0x01, 0x04, 0x01, 0x13, 0x01, 0xe8
2018-04-20 00:45:30.649 Detail, Node002,   ZW_SEND_DATA delivered to Z-Wave stack
2018-04-20 00:45:30.664 Detail, Node002,   Received: 0x01, 0x07, 0x00, 0x13, 0x16, 0x00, 0x00, 0x02, 0xff
2018-04-20 00:45:30.664 Detail, Node002,   ZW_SEND_DATA Request with callback ID 0x16 received (expected 0x16)
2018-04-20 00:45:30.664 Info, Node002, Request RTT 24 Average Request RTT 24
2018-04-20 00:45:30.665 Detail,   Expected callbackId was received
2018-04-20 00:45:30.676 Detail, Node002,   Received: 0x01, 0x09, 0x00, 0x04, 0x00, 0x02, 0x03, 0x25, 0x03, 0xff, 0x2a
2018-04-20 00:45:30.676 Detail, 
2018-04-20 00:45:30.676 Info, Node002, Response RTT 35 Average Response RTT 35
2018-04-20 00:45:30.676 Info, Node002, Received SwitchBinary report from node 2: level=On
2018-04-20 00:45:30.676 Detail, Node002, Initial read of value
2018-04-20 00:45:30.676 Detail, Node002,   Expected reply and command class was received
2018-04-20 00:45:30.676 Detail, Node002,   Message transaction complete
2018-04-20 00:45:30.676 Detail, 
2018-04-20 00:45:30.676 Detail, Node002, Removing current message
2018-04-20 00:45:30.676 Detail, Node002, Notification: ValueChanged
2018-04-20 00:45:30.682 Detail, Node002, Query Stage Complete (Dynamic)
2018-04-20 00:45:30.682 Detail, Node002, AdvanceQueries queryPending=0 queryRetries=0 queryStage=Configuration live=1
2018-04-20 00:45:30.682 Detail, Node002, QueryStage_Configuration
2018-04-20 00:45:30.683 Detail, Node002, QueryStage_Complete
2018-04-20 00:45:30.683 Warning, CheckCompletedNodeQueries m_allNodesQueried=0 m_awakeNodesQueried=0
2018-04-20 00:45:30.683 Warning, CheckCompletedNodeQueries all=1, deadFound=0 sleepingOnly=1
2018-04-20 00:45:30.683 Info,          Node query processing complete.
2018-04-20 00:45:30.683 Detail, Node002, Notification: NodeQueriesComplete
2018-04-20 00:45:30.687 Detail, contrlr, Notification: AllNodesQueried
2018-04-20 00:45:49.485 Info, mgr,     Manager::WriteConfig completed for driver with home ID of 0xd2eb67fb
2018-04-20 00:45:49.517 Info, mgr,     Manager::WriteConfig completed for driver with home ID of 0xd2eb67fb
2018-04-20 00:45:50.535 Info, mgr,     Driver for controller /dev/ttyACM0 pending removal
2018-04-20 00:45:50.535 Detail, Notification: DriverRemoved
2018-04-20 00:45:50.535 Always, ***************************************************************************
2018-04-20 00:45:50.535 Always, *********************  Cumulative Network Statistics  *********************
2018-04-20 00:45:50.535 Always, *** General
2018-04-20 00:45:50.535 Always, Driver run time: . .  . 0 days, 0 hours, 0 minutes
2018-04-20 00:45:50.535 Always, Frames processed: . . . . . . . . . . . . . . . . . . . . 50
2018-04-20 00:45:50.535 Always, Total messages successfully received: . . . . . . . . . . 50
2018-04-20 00:45:50.536 Always, Total Messages successfully sent: . . . . . . . . . . . . 27
2018-04-20 00:45:50.536 Always, ACKs received from controller:  . . . . . . . . . . . . . 27
2018-04-20 00:45:50.536 Always, *** Errors
2018-04-20 00:45:50.536 Always, Unsolicited messages received while waiting for ACK:  . . 0
2018-04-20 00:45:50.536 Always, Reads aborted due to timeouts:  . . . . . . . . . . . . . 0
2018-04-20 00:45:50.536 Always, Bad checksum errors:  . . . . . . . . . . . . . . . . . . 0
2018-04-20 00:45:50.536 Always, CANs received from controller:  . . . . . . . . . . . . . 0
2018-04-20 00:45:50.536 Always, NAKs received from controller:  . . . . . . . . . . . . . 0
2018-04-20 00:45:50.536 Always, Out of frame data flow errors:  . . . . . . . . . . . . . 0
2018-04-20 00:45:50.536 Always, Messages retransmitted: . . . . . . . . . . . . . . . . . 0
2018-04-20 00:45:50.536 Always, Messages dropped and not delivered: . . . . . . . . . . . 0
2018-04-20 00:45:50.536 Always, ***************************************************************************
2018-04-20 00:45:52.549 Info, mgr,     Driver for controller /dev/ttyACM0 removed
2018-04-20 00:45:53.550 Error, mgr,     Manager::GetDriver failed - Home ID 0xd2eb67fb is unknown
2018-04-20 00:45:53.975 Warning, Exception: Manager.cpp:373 - 100 - Invalid HomeId passed to GetDriver
2018-04-20 00:45:53.975 Info, mgr,     GetSendQueueCount() failed - _homeId -756324357 not found
