2018-04-20 00:33:53,730 INFO =============== start ===============
2018-04-20 00:33:53,732 INFO Add a child
2018-04-20 00:33:53,733 INFO Add a child
2018-04-20 00:33:53,734 INFO Add a child
2018-04-20 00:33:53,736 INFO Add a child
2018-04-20 00:33:53,738 INFO Add a child
2018-04-20 00:33:53,740 INFO Add a child
2018-04-20 00:33:53,743 INFO Add a child
2018-04-20 00:33:53,746 INFO Add a child
2018-04-20 00:33:53,747 INFO Add a child
2018-04-20 00:33:53,749 INFO Add a child
2018-04-20 00:33:53,749 INFO Add a child
2018-04-20 00:33:53,750 INFO Add a child
2018-04-20 00:33:53,750 INFO Add a child
2018-04-20 00:33:53,750 INFO Add a child
2018-04-20 00:33:53,752 INFO Add a child
2018-04-20 00:33:53,788 DEBUG Create network object.
2018-04-20 00:33:53,790 INFO Start Openzwave network.
2018-04-20 00:34:03,802 DEBUG notif_callback : new notification
2018-04-20 00:34:03,804 DEBUG notif_callback : Notification type : 26, nodeId : 255
2018-04-20 00:34:03,804 DEBUG notif_callback : call callback context
2018-04-20 00:34:03,805 DEBUG zwcallback args=[{'homeId': 0, 'nodeId': 255, 'notificationType': 'Notification', 'notificationCode': 1}]
2018-04-20 00:34:03,806 DEBUG Z-Wave Notification : {'homeId': 0, 'nodeId': 255, 'notificationType': 'Notification', 'notificationCode': 1}
2018-04-20 00:34:03,807 DEBUG notif_callback : end
2018-04-20 00:34:05,134 INFO unhandled: ('mouse release', 0, 13, 48)
2018-04-20 00:34:08,253 INFO unhandled: 'ctrl r'
2018-04-20 00:34:10,091 INFO unhandled: 'backspace'
2018-04-20 00:34:10,229 INFO unhandled: 'backspace'
2018-04-20 00:34:10,384 INFO unhandled: 'backspace'
2018-04-20 00:34:10,539 INFO unhandled: 'backspace'
2018-04-20 00:34:12,032 INFO unhandled: ('mouse release', 0, 15, 51)
2018-04-20 00:34:13,023 INFO handled: 'enter'
2018-04-20 00:34:13,026 INFO ZWave configuration written to user directory.
2018-04-20 00:34:13,026 INFO Stop Openzwave network.
2018-04-20 00:34:13,027 DEBUG Wait for empty send_queue during 0 second(s).
2018-04-20 00:34:13,031 INFO ZWave configuration written to user directory.
2018-04-20 00:34:18,036 INFO OpenZWave network is stopped.
2018-04-20 00:34:18,041 INFO =============== exit ===============
2018-04-20 00:34:27,195 INFO =============== start ===============
2018-04-20 00:34:27,197 INFO Add a child
2018-04-20 00:34:27,198 INFO Add a child
2018-04-20 00:34:27,199 INFO Add a child
2018-04-20 00:34:27,201 INFO Add a child
2018-04-20 00:34:27,203 INFO Add a child
2018-04-20 00:34:27,205 INFO Add a child
2018-04-20 00:34:27,209 INFO Add a child
2018-04-20 00:34:27,211 INFO Add a child
2018-04-20 00:34:27,212 INFO Add a child
2018-04-20 00:34:27,216 INFO Add a child
2018-04-20 00:34:27,216 INFO Add a child
2018-04-20 00:34:27,217 INFO Add a child
2018-04-20 00:34:27,217 INFO Add a child
2018-04-20 00:34:27,217 INFO Add a child
2018-04-20 00:34:27,219 INFO Add a child
2018-04-20 00:34:27,238 DEBUG Create network object.
2018-04-20 00:34:27,239 INFO Start Openzwave network.
2018-04-20 00:34:37,247 DEBUG notif_callback : new notification
2018-04-20 00:34:37,248 DEBUG notif_callback : Notification type : 26, nodeId : 255
2018-04-20 00:34:37,248 DEBUG notif_callback : call callback context
2018-04-20 00:34:37,249 DEBUG zwcallback args=[{'notificationCode': 1, 'notificationType': 'Notification', 'homeId': 0, 'nodeId': 255}]
2018-04-20 00:34:37,250 DEBUG Z-Wave Notification : {'notificationCode': 1, 'notificationType': 'Notification', 'homeId': 0, 'nodeId': 255}
2018-04-20 00:34:37,251 DEBUG notif_callback : end
2018-04-20 00:34:38,769 DEBUG notif_callback : new notification
2018-04-20 00:34:38,770 DEBUG notif_callback : Notification type : 26, nodeId : 255
2018-04-20 00:34:38,771 DEBUG notif_callback : call callback context
2018-04-20 00:34:38,771 DEBUG zwcallback args=[{'notificationCode': 1, 'notificationType': 'Notification', 'homeId': 0, 'nodeId': 255}]
2018-04-20 00:34:38,772 DEBUG Z-Wave Notification : {'notificationCode': 1, 'notificationType': 'Notification', 'homeId': 0, 'nodeId': 255}
2018-04-20 00:34:38,773 DEBUG notif_callback : end
2018-04-20 00:34:48,775 DEBUG notif_callback : new notification
2018-04-20 00:34:48,776 DEBUG notif_callback : Notification type : 26, nodeId : 255
2018-04-20 00:34:48,776 DEBUG notif_callback : call callback context
2018-04-20 00:34:48,777 DEBUG zwcallback args=[{'notificationCode': 1, 'notificationType': 'Notification', 'homeId': 0, 'nodeId': 255}]
2018-04-20 00:34:48,777 DEBUG Z-Wave Notification : {'notificationCode': 1, 'notificationType': 'Notification', 'homeId': 0, 'nodeId': 255}
2018-04-20 00:34:48,778 DEBUG notif_callback : end
2018-04-20 00:35:18,294 INFO unhandled: ('mouse release', 0, 35, 49)
2018-04-20 00:35:21,186 INFO handled: 'enter'
2018-04-20 00:35:21,188 INFO ZWave configuration written to user directory.
2018-04-20 00:35:21,189 INFO Stop Openzwave network.
2018-04-20 00:35:21,190 DEBUG Wait for empty send_queue during 0 second(s).
2018-04-20 00:35:21,193 INFO ZWave configuration written to user directory.
2018-04-20 00:35:26,199 INFO OpenZWave network is stopped.
2018-04-20 00:35:26,209 INFO =============== exit ===============
2018-04-20 00:39:11,384 INFO =============== start ===============
2018-04-20 00:39:11,385 INFO Add a child
2018-04-20 00:39:11,386 INFO Add a child
2018-04-20 00:39:11,387 INFO Add a child
2018-04-20 00:39:11,389 INFO Add a child
2018-04-20 00:39:11,391 INFO Add a child
2018-04-20 00:39:11,393 INFO Add a child
2018-04-20 00:39:11,396 INFO Add a child
2018-04-20 00:39:11,398 INFO Add a child
2018-04-20 00:39:11,399 INFO Add a child
2018-04-20 00:39:11,402 INFO Add a child
2018-04-20 00:39:11,402 INFO Add a child
2018-04-20 00:39:11,402 INFO Add a child
2018-04-20 00:39:11,402 INFO Add a child
2018-04-20 00:39:11,403 INFO Add a child
2018-04-20 00:39:11,404 INFO Add a child
2018-04-20 00:39:11,423 DEBUG Create network object.
2018-04-20 00:39:11,425 INFO Start Openzwave network.
2018-04-20 00:39:12,953 DEBUG notif_callback : new notification
2018-04-20 00:39:12,954 DEBUG notif_callback : Notification type : 26, nodeId : 255
2018-04-20 00:39:12,955 DEBUG notif_callback : call callback context
2018-04-20 00:39:12,956 DEBUG zwcallback args=[{'notificationCode': 1, 'homeId': 3538642939, 'nodeId': 255, 'notificationType': 'Notification'}]
2018-04-20 00:39:12,957 DEBUG Z-Wave Notification : {'notificationCode': 1, 'homeId': 3538642939, 'nodeId': 255, 'notificationType': 'Notification'}
2018-04-20 00:39:12,958 DEBUG notif_callback : end
2018-04-20 00:39:13,959 DEBUG notif_callback : new notification
2018-04-20 00:39:13,960 DEBUG notif_callback : Notification type : 26, nodeId : 255
2018-04-20 00:39:13,960 DEBUG notif_callback : call callback context
2018-04-20 00:39:13,961 DEBUG zwcallback args=[{'notificationCode': 1, 'homeId': 3538642939, 'nodeId': 255, 'notificationType': 'Notification'}]
2018-04-20 00:39:13,962 DEBUG Z-Wave Notification : {'notificationCode': 1, 'homeId': 3538642939, 'nodeId': 255, 'notificationType': 'Notification'}
2018-04-20 00:39:13,962 DEBUG notif_callback : end
2018-04-20 00:39:18,127 INFO handled: 'enter'
2018-04-20 00:39:18,129 INFO ZWave configuration written to user directory.
2018-04-20 00:39:18,130 INFO Stop Openzwave network.
2018-04-20 00:39:18,131 DEBUG Wait for empty send_queue during 0 second(s).
2018-04-20 00:39:18,136 INFO ZWave configuration written to user directory.
2018-04-20 00:39:23,142 INFO OpenZWave network is stopped.
2018-04-20 00:39:23,153 INFO =============== exit ===============
2018-04-20 00:40:49,837 INFO =============== start ===============
2018-04-20 00:40:49,838 INFO Add a child
2018-04-20 00:40:49,839 INFO Add a child
2018-04-20 00:40:49,840 INFO Add a child
2018-04-20 00:40:49,842 INFO Add a child
2018-04-20 00:40:49,844 INFO Add a child
2018-04-20 00:40:49,846 INFO Add a child
2018-04-20 00:40:49,849 INFO Add a child
2018-04-20 00:40:49,851 INFO Add a child
2018-04-20 00:40:49,852 INFO Add a child
2018-04-20 00:40:49,854 INFO Add a child
2018-04-20 00:40:49,855 INFO Add a child
2018-04-20 00:40:49,855 INFO Add a child
2018-04-20 00:40:49,855 INFO Add a child
2018-04-20 00:40:49,855 INFO Add a child
2018-04-20 00:40:49,857 INFO Add a child
2018-04-20 00:40:49,875 DEBUG Create network object.
2018-04-20 00:40:49,877 INFO Start Openzwave network.
2018-04-20 00:40:55,641 INFO handled: 'enter'
2018-04-20 00:40:55,643 INFO ZWave configuration written to user directory.
2018-04-20 00:40:55,644 INFO Stop Openzwave network.
2018-04-20 00:40:55,645 DEBUG Wait for empty send_queue during 0 second(s).
2018-04-20 00:40:55,648 INFO ZWave configuration written to user directory.
2018-04-20 00:41:00,654 INFO OpenZWave network is stopped.
2018-04-20 00:41:00,660 INFO =============== exit ===============
